---
0xcb37f4304de8d1ca2df2474c6e3a00ab3e720462:0x0 *
0xcb37f4304de8d1ca2df2474c6e3a00ab3e720462:0x2 *
0xcb37f4304de8d1ca2df2474c6e3a00ab3e720462:0x4 *
0xcb37f4304de8d1ca2df2474c6e3a00ab3e720462:0x5 *
0xcb37f4304de8d1ca2df2474c6e3a00ab3e720462:0x6 *
0xcb37f4304de8d1ca2df2474c6e3a00ab3e720462:0x7 *
0xcb37f4304de8d1ca2df2474c6e3a00ab3e720462:0x8 *
0xcb37f4304de8d1ca2df2474c6e3a00ab3e720462:0xb *
0xcb37f4304de8d1ca2df2474c6e3a00ab3e720462:0x10 *
0xcb37f4304de8d1ca2df2474c6e3a00ab3e720462:0x11 *
0xcb37f4304de8d1ca2df2474c6e3a00ab3e720462:0x12 *
0xcb37f4304de8d1ca2df2474c6e3a00ab3e720462:0x13 *
0xcb37f4304de8d1ca2df2474c6e3a00ab3e720462:0x28 *
0xcb37f4304de8d1ca2df2474c6e3a00ab3e720462:0x29 *
0xcb37f4304de8d1ca2df2474c6e3a00ab3e720462:0x2b *
0xcb37f4304de8d1ca2df2474c6e3a00ab3e720462:0x2c *
0xcb37f4304de8d1ca2df2474c6e3a00ab3e720462:0x41 *
0xcb37f4304de8d1ca2df2474c6e3a00ab3e720462:0x42 *
0xcb37f4304de8d1ca2df2474c6e3a00ab3e720462:0x43 *
0xcb37f4304de8d1ca2df2474c6e3a00ab3e720462:0x44 *
0xcb37f4304de8d1ca2df2474c6e3a00ab3e720462:0x45 *
0xcb37f4304de8d1ca2df2474c6e3a00ab3e720462:0x46 *
0xcb37f4304de8d1ca2df2474c6e3a00ab3e720462:0x48 *
0xcb37f4304de8d1ca2df2474c6e3a00ab3e720462:0x49 *
0xcb37f4304de8d1ca2df2474c6e3a00ab3e720462:0x4c *
0xcb37f4304de8d1ca2df2474c6e3a00ab3e720462:0x4f *
0xcb37f4304de8d1ca2df2474c6e3a00ab3e720462:0x51 *
0xcb37f4304de8d1ca2df2474c6e3a00ab3e720462:0x52 *
0xcb37f4304de8d1ca2df2474c6e3a00ab3e720462:0x54 *
0xcb37f4304de8d1ca2df2474c6e3a00ab3e720462:0x56 *
0xcb37f4304de8d1ca2df2474c6e3a00ab3e720462:0x57 *
0xcb37f4304de8d1ca2df2474c6e3a00ab3e720462:0x58 *
0xcb37f4304de8d1ca2df2474c6e3a00ab3e720462:0x5b *
0xcb37f4304de8d1ca2df2474c6e3a00ab3e720462:0x5d *
---
0xcb37f4304de8d1ca2df2474c6e3a00ab3e720462:0x0 
0xcb37f4304de8d1ca2df2474c6e3a00ab3e720462:0x2 
0xcb37f4304de8d1ca2df2474c6e3a00ab3e720462:0x4 
0xcb37f4304de8d1ca2df2474c6e3a00ab3e720462:0x5 
0xcb37f4304de8d1ca2df2474c6e3a00ab3e720462:0x7 
0xcb37f4304de8d1ca2df2474c6e3a00ab3e720462:0x8 
0xcb37f4304de8d1ca2df2474c6e3a00ab3e720462:0x9 
0xcb37f4304de8d1ca2df2474c6e3a00ab3e720462:0xc 
0xcb37f4304de8d1ca2df2474c6e3a00ab3e720462:0xd 
0xcb37f4304de8d1ca2df2474c6e3a00ab3e720462:0xf 
0xcb37f4304de8d1ca2df2474c6e3a00ab3e720462:0x10 
0xcb37f4304de8d1ca2df2474c6e3a00ab3e720462:0x12 
0xcb37f4304de8d1ca2df2474c6e3a00ab3e720462:0x13 
0xcb37f4304de8d1ca2df2474c6e3a00ab3e720462:0x14 
0xcb37f4304de8d1ca2df2474c6e3a00ab3e720462:0x19 
0xcb37f4304de8d1ca2df2474c6e3a00ab3e720462:0x1a 
0xcb37f4304de8d1ca2df2474c6e3a00ab3e720462:0x1d 
0xcb37f4304de8d1ca2df2474c6e3a00ab3e720462:0x1e 
0xcb37f4304de8d1ca2df2474c6e3a00ab3e720462:0x1f 
0xcb37f4304de8d1ca2df2474c6e3a00ab3e720462:0x24 
0xcb37f4304de8d1ca2df2474c6e3a00ab3e720462:0x25 
0xcb37f4304de8d1ca2df2474c6e3a00ab3e720462:0x28 
0xcb37f4304de8d1ca2df2474c6e3a00ab3e720462:0x8e 
0xcb37f4304de8d1ca2df2474c6e3a00ab3e720462:0x8f 
0xcb37f4304de8d1ca2df2474c6e3a00ab3e720462:0x90 
0xcb37f4304de8d1ca2df2474c6e3a00ab3e720462:0x91 
0xcb37f4304de8d1ca2df2474c6e3a00ab3e720462:0x92 
0xcb37f4304de8d1ca2df2474c6e3a00ab3e720462:0x95 
0xcb37f4304de8d1ca2df2474c6e3a00ab3e720462:0x9a 
0xcb37f4304de8d1ca2df2474c6e3a00ab3e720462:0x9b 
0xcb37f4304de8d1ca2df2474c6e3a00ab3e720462:0x9c 
0xcb37f4304de8d1ca2df2474c6e3a00ab3e720462:0x9f 
0xcb37f4304de8d1ca2df2474c6e3a00ab3e720462:0xa2 
0xcb37f4304de8d1ca2df2474c6e3a00ab3e720462:0x204 
0xcb37f4304de8d1ca2df2474c6e3a00ab3e720462:0x205 
0xcb37f4304de8d1ca2df2474c6e3a00ab3e720462:0x207 
0xcb37f4304de8d1ca2df2474c6e3a00ab3e720462:0x208 
0xcb37f4304de8d1ca2df2474c6e3a00ab3e720462:0x209 
0xcb37f4304de8d1ca2df2474c6e3a00ab3e720462:0x20a 
0xcb37f4304de8d1ca2df2474c6e3a00ab3e720462:0x20b 
0xcb37f4304de8d1ca2df2474c6e3a00ab3e720462:0xa3 
0xcb37f4304de8d1ca2df2474c6e3a00ab3e720462:0xa4 
0xcb37f4304de8d1ca2df2474c6e3a00ab3e720462:0xa6 
0xcb37f4304de8d1ca2df2474c6e3a00ab3e720462:0xa7 
0xcb37f4304de8d1ca2df2474c6e3a00ab3e720462:0xaa 
0xcb37f4304de8d1ca2df2474c6e3a00ab3e720462:0xab 
0xcb37f4304de8d1ca2df2474c6e3a00ab3e720462:0xac 
0xcb37f4304de8d1ca2df2474c6e3a00ab3e720462:0xaf 
0xcb37f4304de8d1ca2df2474c6e3a00ab3e720462:0x2ff 
0xcb37f4304de8d1ca2df2474c6e3a00ab3e720462:0x300 
0xcb37f4304de8d1ca2df2474c6e3a00ab3e720462:0x302 
0xcb37f4304de8d1ca2df2474c6e3a00ab3e720462:0x304 
0xcb37f4304de8d1ca2df2474c6e3a00ab3e720462:0x305 
0xcb37f4304de8d1ca2df2474c6e3a00ab3e720462:0x306 
0xcb37f4304de8d1ca2df2474c6e3a00ab3e720462:0x307 
0xcb37f4304de8d1ca2df2474c6e3a00ab3e720462:0x308 
0xcb37f4304de8d1ca2df2474c6e3a00ab3e720462:0x30b 
0xcb37f4304de8d1ca2df2474c6e3a00ab3e720462:0x30d 
0xcb37f4304de8d1ca2df2474c6e3a00ab3e720462:0x30e 
0xcb37f4304de8d1ca2df2474c6e3a00ab3e720462:0x30f 
0xcb37f4304de8d1ca2df2474c6e3a00ab3e720462:0x310 
0xcb37f4304de8d1ca2df2474c6e3a00ab3e720462:0x313 
0xcb37f4304de8d1ca2df2474c6e3a00ab3e720462:0x216 
0xcb37f4304de8d1ca2df2474c6e3a00ab3e720462:0x217 
0xcb37f4304de8d1ca2df2474c6e3a00ab3e720462:0x21a 
0xcb37f4304de8d1ca2df2474c6e3a00ab3e720462:0x21b 
0xcb37f4304de8d1ca2df2474c6e3a00ab3e720462:0x21e 
0xcb37f4304de8d1ca2df2474c6e3a00ab3e720462:0x20c 
0xcb37f4304de8d1ca2df2474c6e3a00ab3e720462:0x20d 
0xcb37f4304de8d1ca2df2474c6e3a00ab3e720462:0x20f 
0xcb37f4304de8d1ca2df2474c6e3a00ab3e720462:0x210 
0xcb37f4304de8d1ca2df2474c6e3a00ab3e720462:0x211 
0xcb37f4304de8d1ca2df2474c6e3a00ab3e720462:0x212 
0xcb37f4304de8d1ca2df2474c6e3a00ab3e720462:0x213 
0xcb37f4304de8d1ca2df2474c6e3a00ab3e720462:0x214 
0xcb37f4304de8d1ca2df2474c6e3a00ab3e720462:0x215 
0xcb37f4304de8d1ca2df2474c6e3a00ab3e720462:0x21f 
0xcb37f4304de8d1ca2df2474c6e3a00ab3e720462:0x220 
0xcb37f4304de8d1ca2df2474c6e3a00ab3e720462:0x221 
0xcb37f4304de8d1ca2df2474c6e3a00ab3e720462:0x222 
0xcb37f4304de8d1ca2df2474c6e3a00ab3e720462:0x223 
0xcb37f4304de8d1ca2df2474c6e3a00ab3e720462:0x224 
0xcb37f4304de8d1ca2df2474c6e3a00ab3e720462:0x314 
0xcb37f4304de8d1ca2df2474c6e3a00ab3e720462:0x315 
0xcb37f4304de8d1ca2df2474c6e3a00ab3e720462:0x316 
0xcb37f4304de8d1ca2df2474c6e3a00ab3e720462:0x317 
0xcb37f4304de8d1ca2df2474c6e3a00ab3e720462:0x318 
0xcb37f4304de8d1ca2df2474c6e3a00ab3e720462:0x319 
0xcb37f4304de8d1ca2df2474c6e3a00ab3e720462:0xb0 
0xcb37f4304de8d1ca2df2474c6e3a00ab3e720462:0xb1 
0xcb37f4304de8d1ca2df2474c6e3a00ab3e720462:0xb3 
0xcb37f4304de8d1ca2df2474c6e3a00ab3e720462:0xb4 
0xcb37f4304de8d1ca2df2474c6e3a00ab3e720462:0xb5 
0xcb37f4304de8d1ca2df2474c6e3a00ab3e720462:0xb6 
0xcb37f4304de8d1ca2df2474c6e3a00ab3e720462:0xb7 
0xcb37f4304de8d1ca2df2474c6e3a00ab3e720462:0xb8 
---
0xcb37f4304de8d1ca2df2474c6e3a00ab3e720462:0x0 
0xcb37f4304de8d1ca2df2474c6e3a00ab3e720462:0x2 
0xcb37f4304de8d1ca2df2474c6e3a00ab3e720462:0x4 
0xcb37f4304de8d1ca2df2474c6e3a00ab3e720462:0x5 
0xcb37f4304de8d1ca2df2474c6e3a00ab3e720462:0x7 
0xcb37f4304de8d1ca2df2474c6e3a00ab3e720462:0x8 
0xcb37f4304de8d1ca2df2474c6e3a00ab3e720462:0x9 
0xcb37f4304de8d1ca2df2474c6e3a00ab3e720462:0xc 
0xcb37f4304de8d1ca2df2474c6e3a00ab3e720462:0xd 
0xcb37f4304de8d1ca2df2474c6e3a00ab3e720462:0xf 
0xcb37f4304de8d1ca2df2474c6e3a00ab3e720462:0x10 
0xcb37f4304de8d1ca2df2474c6e3a00ab3e720462:0x12 
0xcb37f4304de8d1ca2df2474c6e3a00ab3e720462:0x13 
0xcb37f4304de8d1ca2df2474c6e3a00ab3e720462:0x14 
0xcb37f4304de8d1ca2df2474c6e3a00ab3e720462:0x19 
0xcb37f4304de8d1ca2df2474c6e3a00ab3e720462:0x1a 
0xcb37f4304de8d1ca2df2474c6e3a00ab3e720462:0x1d 
0xcb37f4304de8d1ca2df2474c6e3a00ab3e720462:0x1e 
0xcb37f4304de8d1ca2df2474c6e3a00ab3e720462:0x1f 
0xcb37f4304de8d1ca2df2474c6e3a00ab3e720462:0x24 
0xcb37f4304de8d1ca2df2474c6e3a00ab3e720462:0x25 
0xcb37f4304de8d1ca2df2474c6e3a00ab3e720462:0x28 
0xcb37f4304de8d1ca2df2474c6e3a00ab3e720462:0x8e 
0xcb37f4304de8d1ca2df2474c6e3a00ab3e720462:0x8f 
0xcb37f4304de8d1ca2df2474c6e3a00ab3e720462:0x90 
0xcb37f4304de8d1ca2df2474c6e3a00ab3e720462:0x91 
0xcb37f4304de8d1ca2df2474c6e3a00ab3e720462:0x92 
0xcb37f4304de8d1ca2df2474c6e3a00ab3e720462:0x95 
0xcb37f4304de8d1ca2df2474c6e3a00ab3e720462:0x9a 
0xcb37f4304de8d1ca2df2474c6e3a00ab3e720462:0x9b 
0xcb37f4304de8d1ca2df2474c6e3a00ab3e720462:0x9c 
0xcb37f4304de8d1ca2df2474c6e3a00ab3e720462:0x9f 
0xcb37f4304de8d1ca2df2474c6e3a00ab3e720462:0xa2 
0xcb37f4304de8d1ca2df2474c6e3a00ab3e720462:0x204 
0xcb37f4304de8d1ca2df2474c6e3a00ab3e720462:0x205 
0xcb37f4304de8d1ca2df2474c6e3a00ab3e720462:0x207 
0xcb37f4304de8d1ca2df2474c6e3a00ab3e720462:0x208 
0xcb37f4304de8d1ca2df2474c6e3a00ab3e720462:0x209 
0xcb37f4304de8d1ca2df2474c6e3a00ab3e720462:0x20a 
0xcb37f4304de8d1ca2df2474c6e3a00ab3e720462:0x20b 
0xcb37f4304de8d1ca2df2474c6e3a00ab3e720462:0xa3 
0xcb37f4304de8d1ca2df2474c6e3a00ab3e720462:0xa4 
0xcb37f4304de8d1ca2df2474c6e3a00ab3e720462:0xa6 
0xcb37f4304de8d1ca2df2474c6e3a00ab3e720462:0xa7 
0xcb37f4304de8d1ca2df2474c6e3a00ab3e720462:0xaa 
0xcb37f4304de8d1ca2df2474c6e3a00ab3e720462:0xab 
0xcb37f4304de8d1ca2df2474c6e3a00ab3e720462:0xac 
0xcb37f4304de8d1ca2df2474c6e3a00ab3e720462:0xaf 
0xcb37f4304de8d1ca2df2474c6e3a00ab3e720462:0x2ff 
0xcb37f4304de8d1ca2df2474c6e3a00ab3e720462:0x300 
0xcb37f4304de8d1ca2df2474c6e3a00ab3e720462:0x302 
0xcb37f4304de8d1ca2df2474c6e3a00ab3e720462:0x304 
0xcb37f4304de8d1ca2df2474c6e3a00ab3e720462:0x305 
0xcb37f4304de8d1ca2df2474c6e3a00ab3e720462:0x306 
0xcb37f4304de8d1ca2df2474c6e3a00ab3e720462:0x307 
0xcb37f4304de8d1ca2df2474c6e3a00ab3e720462:0x308 
0xcb37f4304de8d1ca2df2474c6e3a00ab3e720462:0x30b 
0xcb37f4304de8d1ca2df2474c6e3a00ab3e720462:0x30d 
0xcb37f4304de8d1ca2df2474c6e3a00ab3e720462:0x30e 
0xcb37f4304de8d1ca2df2474c6e3a00ab3e720462:0x30f 
0xcb37f4304de8d1ca2df2474c6e3a00ab3e720462:0x310 
0xcb37f4304de8d1ca2df2474c6e3a00ab3e720462:0x313 
0xcb37f4304de8d1ca2df2474c6e3a00ab3e720462:0x216 
0xcb37f4304de8d1ca2df2474c6e3a00ab3e720462:0x217 
0xcb37f4304de8d1ca2df2474c6e3a00ab3e720462:0x21a 
0xcb37f4304de8d1ca2df2474c6e3a00ab3e720462:0x21b 
0xcb37f4304de8d1ca2df2474c6e3a00ab3e720462:0x21e 
0xcb37f4304de8d1ca2df2474c6e3a00ab3e720462:0x20c 
0xcb37f4304de8d1ca2df2474c6e3a00ab3e720462:0x20d 
0xcb37f4304de8d1ca2df2474c6e3a00ab3e720462:0x20f 
0xcb37f4304de8d1ca2df2474c6e3a00ab3e720462:0x210 
0xcb37f4304de8d1ca2df2474c6e3a00ab3e720462:0x211 
0xcb37f4304de8d1ca2df2474c6e3a00ab3e720462:0x212 
0xcb37f4304de8d1ca2df2474c6e3a00ab3e720462:0x213 
0xcb37f4304de8d1ca2df2474c6e3a00ab3e720462:0x214 
0xcb37f4304de8d1ca2df2474c6e3a00ab3e720462:0x215 
0xcb37f4304de8d1ca2df2474c6e3a00ab3e720462:0x21f 
0xcb37f4304de8d1ca2df2474c6e3a00ab3e720462:0x220 
0xcb37f4304de8d1ca2df2474c6e3a00ab3e720462:0x221 
0xcb37f4304de8d1ca2df2474c6e3a00ab3e720462:0x222 
0xcb37f4304de8d1ca2df2474c6e3a00ab3e720462:0x223 
0xcb37f4304de8d1ca2df2474c6e3a00ab3e720462:0x224 
0xcb37f4304de8d1ca2df2474c6e3a00ab3e720462:0x314 
0xcb37f4304de8d1ca2df2474c6e3a00ab3e720462:0x315 
0xcb37f4304de8d1ca2df2474c6e3a00ab3e720462:0x316 
0xcb37f4304de8d1ca2df2474c6e3a00ab3e720462:0x317 
0xcb37f4304de8d1ca2df2474c6e3a00ab3e720462:0x318 
0xcb37f4304de8d1ca2df2474c6e3a00ab3e720462:0x319 
0xcb37f4304de8d1ca2df2474c6e3a00ab3e720462:0xb0 
0xcb37f4304de8d1ca2df2474c6e3a00ab3e720462:0xb1 
0xcb37f4304de8d1ca2df2474c6e3a00ab3e720462:0xb3 
0xcb37f4304de8d1ca2df2474c6e3a00ab3e720462:0xb4 
0xcb37f4304de8d1ca2df2474c6e3a00ab3e720462:0xb5 
0xcb37f4304de8d1ca2df2474c6e3a00ab3e720462:0xb6 
0xcb37f4304de8d1ca2df2474c6e3a00ab3e720462:0xb7 
0xcb37f4304de8d1ca2df2474c6e3a00ab3e720462:0xb8 
